<?xml version="1.0" encoding="UTF-8"?>
<!-- Generated by org.testng.reporters.JUnitXMLReporter -->
<testsuite ignored="0" hostname="DESKTOP-UAID2SU" failures="0" tests="5" name="Default test" time="0.106" errors="0" timestamp="2021-06-15T17:35:01 IST">
  <testcase classname="dataprovider.DataProviderClass" name="test" time="0.009"/>
  <testcase classname="dataprovider.DataProviderClass" name="test" time="0.002"/>
  <testcase classname="dataprovider.DataProviderClass" name="testnew" time="0.003"/>
  <testcase classname="dataprovider.DataProviderClass" name="testnew" time="0.003"/>
  <testcase classname="dataprovider.DataProviderClass" name="testnew" time="0.004"/>
</testsuite> <!-- Default test -->
