<?xml version="1.0" encoding="UTF-8"?>
<testng-results ignored="0" total="1" passed="1" failed="0" skipped="0">
  <reporter-output>
  </reporter-output>
  <suite started-at="2021-06-22T18:03:15 IST" name="Default suite" finished-at="2021-06-22T18:03:44 IST" duration-ms="29260">
    <groups>
    </groups>
    <test started-at="2021-06-22T18:03:15 IST" name="Default test" finished-at="2021-06-22T18:03:44 IST" duration-ms="29260">
      <class name="xpath.XpathClass">
        <test-method signature="setup()[pri:0, instance:xpath.XpathClass@61386958]" started-at="2021-06-22T18:03:15 IST" name="setup" finished-at="2021-06-22T18:03:44 IST" duration-ms="29201" status="PASS">
          <reporter-output>
          </reporter-output>
        </test-method> <!-- setup -->
      </class> <!-- xpath.XpathClass -->
    </test> <!-- Default test -->
  </suite> <!-- Default suite -->
</testng-results>
